[11-12 21:37:45]: [INFO] Created column 'regdate' and set the current timestamp, 1542051465284, to all 0 rows
[11-12 21:37:46]: [INFO] SQLite Setup finished
[11-12 21:37:47]: [INFO] No supported permissions system found! Permissions are disabled!
[11-12 21:37:49]: [WARN] WARNING! The protectInventory feature requires ProtocolLib! Disabling it...
[11-12 21:37:49]: [INFO] Development builds are available on our jenkins, thanks to FastVM.io
[11-12 21:37:49]: [INFO] Do you want a good vps for your game server? Look at our sponsor FastVM.io leader as virtual server provider!
[11-12 21:37:49]: [INFO] AuthMe 5.5.0-SNAPSHOT build n.2116 correctly enabled!
[11-12 21:37:50]: [INFO] Downloading GEO IP database, because the old database is older than 30 days or doesn't exist
[11-12 21:37:51]: [WARN] Could not download GeoLiteAPI database [IOException]: No space left on device
[11-12 21:37:51]: java.io.IOException: No space left on device
	at sun.nio.ch.FileDispatcherImpl.write0(Native Method)
	at sun.nio.ch.FileDispatcherImpl.write(FileDispatcherImpl.java:60)
	at sun.nio.ch.IOUtil.writeFromNativeBuffer(IOUtil.java:93)
	at sun.nio.ch.IOUtil.write(IOUtil.java:65)
	at sun.nio.ch.FileChannelImpl.write(FileChannelImpl.java:211)
	at java.nio.channels.Channels.writeFullyImpl(Channels.java:78)
	at java.nio.channels.Channels.writeFully(Channels.java:101)
	at java.nio.channels.Channels.access$000(Channels.java:61)
	at java.nio.channels.Channels$1.write(Channels.java:174)
	at java.nio.file.Files.copy(Files.java:2909)
	at java.nio.file.Files.copy(Files.java:3027)
	at fr.xephi.authme.service.GeoIpService.downloadDatabaseArchive(GeoIpService.java:197)
	at fr.xephi.authme.service.GeoIpService.downloadDatabaseArchive(GeoIpService.java:214)
	at fr.xephi.authme.service.GeoIpService.updateDatabase(GeoIpService.java:140)
	at org.bukkit.craftbukkit.v1_13_R2.scheduler.CraftTask.run(CraftTask.java:76)
	at org.bukkit.craftbukkit.v1_13_R2.scheduler.CraftAsyncTask.run(CraftAsyncTask.java:52)
	at java.util.concurrent.ThreadPoolExecutor.runWorker(ThreadPoolExecutor.java:1142)
	at java.util.concurrent.ThreadPoolExecutor$Worker.run(ThreadPoolExecutor.java:617)
	at java.lang.Thread.run(Thread.java:745)

[11-12 21:46:03]: [FINE] RunnerMan registered fd01:0:0:0:add7:6e67:2d11:f310
[11-12 21:46:03]: [FINE] RunnerMan logged in!
[11-12 22:06:12]: [FINE] RunnerMan logged in!
[11-12 22:55:56]: [INFO] AuthMe 5.5.0-SNAPSHOT-b2116 disabled!
[11-12 22:57:21]: [INFO] SQLite Setup finished
[11-12 22:57:21]: [INFO] No supported permissions system found! Permissions are disabled!
[11-12 22:57:23]: [WARN] WARNING! The protectInventory feature requires ProtocolLib! Disabling it...
[11-12 22:57:24]: [INFO] Development builds are available on our jenkins, thanks to FastVM.io
[11-12 22:57:24]: [INFO] Do you want a good vps for your game server? Look at our sponsor FastVM.io leader as virtual server provider!
[11-12 22:57:24]: [INFO] AuthMe 5.5.0-SNAPSHOT build n.2116 correctly enabled!
[11-12 22:57:29]: [INFO] Downloading GEO IP database, because the old database is older than 30 days or doesn't exist
[11-12 22:57:30]: [WARN] Could not download GeoLiteAPI database [IOException]: No space left on device
[11-12 22:57:30]: java.io.IOException: No space left on device
	at sun.nio.ch.FileDispatcherImpl.write0(Native Method)
	at sun.nio.ch.FileDispatcherImpl.write(FileDispatcherImpl.java:60)
	at sun.nio.ch.IOUtil.writeFromNativeBuffer(IOUtil.java:93)
	at sun.nio.ch.IOUtil.write(IOUtil.java:65)
	at sun.nio.ch.FileChannelImpl.write(FileChannelImpl.java:211)
	at java.nio.channels.Channels.writeFullyImpl(Channels.java:78)
	at java.nio.channels.Channels.writeFully(Channels.java:101)
	at java.nio.channels.Channels.access$000(Channels.java:61)
	at java.nio.channels.Channels$1.write(Channels.java:174)
	at java.nio.file.Files.copy(Files.java:2909)
	at java.nio.file.Files.copy(Files.java:3027)
	at fr.xephi.authme.service.GeoIpService.downloadDatabaseArchive(GeoIpService.java:197)
	at fr.xephi.authme.service.GeoIpService.downloadDatabaseArchive(GeoIpService.java:214)
	at fr.xephi.authme.service.GeoIpService.updateDatabase(GeoIpService.java:140)
	at org.bukkit.craftbukkit.v1_13_R2.scheduler.CraftTask.run(CraftTask.java:76)
	at org.bukkit.craftbukkit.v1_13_R2.scheduler.CraftAsyncTask.run(CraftAsyncTask.java:52)
	at java.util.concurrent.ThreadPoolExecutor.runWorker(ThreadPoolExecutor.java:1142)
	at java.util.concurrent.ThreadPoolExecutor$Worker.run(ThreadPoolExecutor.java:617)
	at java.lang.Thread.run(Thread.java:745)

[11-12 23:00:13]: [FINE] RunnerMan logged in!
[11-12 23:08:33]: [INFO] AuthMe 5.5.0-SNAPSHOT-b2116 disabled!
[12-03 21:57:16]: [INFO] SQLite Setup finished
[12-03 21:57:17]: [INFO] No supported permissions system found! Permissions are disabled!
[12-03 21:57:19]: [WARN] WARNING! The protectInventory feature requires ProtocolLib! Disabling it...
[12-03 21:57:20]: [INFO] Development builds are available on our jenkins, thanks to FastVM.io
[12-03 21:57:20]: [INFO] Do you want a good vps for your game server? Look at our sponsor FastVM.io leader as virtual server provider!
[12-03 21:57:20]: [INFO] AuthMe 5.5.0-SNAPSHOT build n.2116 correctly enabled!
[12-03 21:57:24]: [INFO] Downloading GEO IP database, because the old database is older than 30 days or doesn't exist
[12-03 21:57:30]: [WARN] Could not download GeoLiteAPI database [IOException]: No space left on device
[12-03 21:57:30]: java.io.IOException: No space left on device
	at sun.nio.ch.FileDispatcherImpl.write0(Native Method)
	at sun.nio.ch.FileDispatcherImpl.write(FileDispatcherImpl.java:60)
	at sun.nio.ch.IOUtil.writeFromNativeBuffer(IOUtil.java:93)
	at sun.nio.ch.IOUtil.write(IOUtil.java:65)
	at sun.nio.ch.FileChannelImpl.write(FileChannelImpl.java:211)
	at java.nio.channels.Channels.writeFullyImpl(Channels.java:78)
	at java.nio.channels.Channels.writeFully(Channels.java:101)
	at java.nio.channels.Channels.access$000(Channels.java:61)
	at java.nio.channels.Channels$1.write(Channels.java:174)
	at java.nio.file.Files.copy(Files.java:2909)
	at java.nio.file.Files.copy(Files.java:3027)
	at fr.xephi.authme.service.GeoIpService.downloadDatabaseArchive(GeoIpService.java:197)
	at fr.xephi.authme.service.GeoIpService.downloadDatabaseArchive(GeoIpService.java:214)
	at fr.xephi.authme.service.GeoIpService.updateDatabase(GeoIpService.java:140)
	at org.bukkit.craftbukkit.v1_13_R2.scheduler.CraftTask.run(CraftTask.java:76)
	at org.bukkit.craftbukkit.v1_13_R2.scheduler.CraftAsyncTask.run(CraftAsyncTask.java:52)
	at java.util.concurrent.ThreadPoolExecutor.runWorker(ThreadPoolExecutor.java:1142)
	at java.util.concurrent.ThreadPoolExecutor$Worker.run(ThreadPoolExecutor.java:617)
	at java.lang.Thread.run(Thread.java:745)

[12-03 22:10:03]: [FINE] RunnerMan logged in!
[12-03 22:11:11]: [INFO] RunnerMan changed his password
[12-03 22:14:39]: [INFO] AuthMe 5.5.0-SNAPSHOT-b2116 disabled!
